{"/Users/Fyang/Desktop/workspace/node_demos/testing/main.js":{"path":"/Users/Fyang/Desktop/workspace/node_demos/testing/main.js","s":{"1":1,"2":182,"3":35,"4":147,"5":56,"6":91,"7":1,"8":90,"9":1,"10":89,"11":1,"12":88,"13":1,"14":0,"15":0},"b":{"1":[35,147],"2":[56,91],"3":[1,90],"4":[1,89],"5":[1,88],"6":[0,1]},"f":{"1":182},"fnMap":{"1":{"name":"fibonacci","line":1,"loc":{"start":{"line":1,"column":20},"end":{"line":1,"column":42}}}},"statementMap":{"1":{"start":{"line":1,"column":0},"end":{"line":22,"column":2}},"2":{"start":{"line":2,"column":1},"end":{"line":4,"column":2}},"3":{"start":{"line":3,"column":2},"end":{"line":3,"column":11}},"4":{"start":{"line":5,"column":1},"end":{"line":7,"column":2}},"5":{"start":{"line":6,"column":2},"end":{"line":6,"column":11}},"6":{"start":{"line":9,"column":1},"end":{"line":11,"column":2}},"7":{"start":{"line":10,"column":2},"end":{"line":10,"column":42}},"8":{"start":{"line":13,"column":1},"end":{"line":15,"column":2}},"9":{"start":{"line":14,"column":2},"end":{"line":14,"column":35}},"10":{"start":{"line":17,"column":1},"end":{"line":19,"column":2}},"11":{"start":{"line":18,"column":2},"end":{"line":18,"column":36}},"12":{"start":{"line":21,"column":1},"end":{"line":21,"column":40}},"13":{"start":{"line":26,"column":0},"end":{"line":29,"column":1}},"14":{"start":{"line":27,"column":1},"end":{"line":27,"column":33}},"15":{"start":{"line":28,"column":1},"end":{"line":28,"column":57}}},"branchMap":{"1":{"line":2,"type":"if","locations":[{"start":{"line":2,"column":1},"end":{"line":2,"column":1}},{"start":{"line":2,"column":1},"end":{"line":2,"column":1}}]},"2":{"line":5,"type":"if","locations":[{"start":{"line":5,"column":1},"end":{"line":5,"column":1}},{"start":{"line":5,"column":1},"end":{"line":5,"column":1}}]},"3":{"line":9,"type":"if","locations":[{"start":{"line":9,"column":1},"end":{"line":9,"column":1}},{"start":{"line":9,"column":1},"end":{"line":9,"column":1}}]},"4":{"line":13,"type":"if","locations":[{"start":{"line":13,"column":1},"end":{"line":13,"column":1}},{"start":{"line":13,"column":1},"end":{"line":13,"column":1}}]},"5":{"line":17,"type":"if","locations":[{"start":{"line":17,"column":1},"end":{"line":17,"column":1}},{"start":{"line":17,"column":1},"end":{"line":17,"column":1}}]},"6":{"line":26,"type":"if","locations":[{"start":{"line":26,"column":0},"end":{"line":26,"column":0}},{"start":{"line":26,"column":0},"end":{"line":26,"column":0}}]}}}}